Analysis & Elaboration report for AES
Sun May 01 17:08:49 2022
Quartus Prime Version 18.1.0 Build 625 09/12/2018 SJ Lite Edition


---------------------
; Table of Contents ;
---------------------
  1. Legal Notice
  2. Analysis & Elaboration Summary
  3. Parallel Compilation
  4. Analysis & Elaboration Settings
  5. Port Connectivity Checks: "mixColumns:comb_3"
  6. Analysis & Elaboration Messages



----------------
; Legal Notice ;
----------------
Copyright (C) 2018  Intel Corporation. All rights reserved.
Your use of Intel Corporation's design tools, logic functions 
and other software and tools, and its AMPP partner logic 
functions, and any output files from any of the foregoing 
(including device programming or simulation files), and any 
associated documentation or information are expressly subject 
to the terms and conditions of the Intel Program License 
Subscription Agreement, the Intel Quartus Prime License Agreement,
the Intel FPGA IP License Agreement, or other applicable license
agreement, including, without limitation, that your use is for
the sole purpose of programming logic devices manufactured by
Intel and sold by Intel or its authorized distributors.  Please
refer to the applicable agreement for further details.



+-----------------------------------------------------------------------------+
; Analysis & Elaboration Summary                                              ;
+-------------------------------+---------------------------------------------+
; Analysis & Elaboration Status ; Successful - Sun May 01 17:08:49 2022       ;
; Quartus Prime Version         ; 18.1.0 Build 625 09/12/2018 SJ Lite Edition ;
; Revision Name                 ; AES                                         ;
; Top-level Entity Name         ; AES                                         ;
; Family                        ; Cyclone V                                   ;
; Logic utilization (in ALMs)   ; N/A until Partition Merge                   ;
; Total registers               ; N/A until Partition Merge                   ;
; Total pins                    ; N/A until Partition Merge                   ;
; Total virtual pins            ; N/A until Partition Merge                   ;
; Total block memory bits       ; N/A until Partition Merge                   ;
; Total PLLs                    ; N/A until Partition Merge                   ;
; Total DLLs                    ; N/A until Partition Merge                   ;
+-------------------------------+---------------------------------------------+


+------------------------------------------+
; Parallel Compilation                     ;
+----------------------------+-------------+
; Processors                 ; Number      ;
+----------------------------+-------------+
; Number detected on machine ; 8           ;
; Maximum allowed            ; 4           ;
;                            ;             ;
; Average used               ; 1.00        ;
; Maximum used               ; 1           ;
;                            ;             ;
; Usage by Processor         ; % Time Used ;
;     Processor 1            ; 100.0%      ;
+----------------------------+-------------+


+---------------------------------------------------------------------------------------------------------------------------+
; Analysis & Elaboration Settings                                                                                           ;
+---------------------------------------------------------------------------------+--------------------+--------------------+
; Option                                                                          ; Setting            ; Default Value      ;
+---------------------------------------------------------------------------------+--------------------+--------------------+
; Device                                                                          ; 5CSEMA5F31C6       ;                    ;
; Top-level entity name                                                           ; AES                ; AES                ;
; Family name                                                                     ; Cyclone V          ; Cyclone V          ;
; Use smart compilation                                                           ; Off                ; Off                ;
; Enable parallel Assembler and Timing Analyzer during compilation                ; On                 ; On                 ;
; Enable compact report table                                                     ; Off                ; Off                ;
; Restructure Multiplexers                                                        ; Auto               ; Auto               ;
; MLAB Add Timing Constraints For Mixed-Port Feed-Through Mode Setting Don't Care ; Off                ; Off                ;
; Create Debugging Nodes for IP Cores                                             ; Off                ; Off                ;
; Preserve fewer node names                                                       ; On                 ; On                 ;
; Intel FPGA IP Evaluation Mode                                                   ; Enable             ; Enable             ;
; Verilog Version                                                                 ; Verilog_2001       ; Verilog_2001       ;
; VHDL Version                                                                    ; VHDL_1993          ; VHDL_1993          ;
; State Machine Processing                                                        ; Auto               ; Auto               ;
; Safe State Machine                                                              ; Off                ; Off                ;
; Extract Verilog State Machines                                                  ; On                 ; On                 ;
; Extract VHDL State Machines                                                     ; On                 ; On                 ;
; Ignore Verilog initial constructs                                               ; Off                ; Off                ;
; Iteration limit for constant Verilog loops                                      ; 5000               ; 5000               ;
; Iteration limit for non-constant Verilog loops                                  ; 250                ; 250                ;
; Add Pass-Through Logic to Inferred RAMs                                         ; On                 ; On                 ;
; Infer RAMs from Raw Logic                                                       ; On                 ; On                 ;
; Parallel Synthesis                                                              ; On                 ; On                 ;
; DSP Block Balancing                                                             ; Auto               ; Auto               ;
; NOT Gate Push-Back                                                              ; On                 ; On                 ;
; Power-Up Don't Care                                                             ; On                 ; On                 ;
; Remove Redundant Logic Cells                                                    ; Off                ; Off                ;
; Remove Duplicate Registers                                                      ; On                 ; On                 ;
; Ignore CARRY Buffers                                                            ; Off                ; Off                ;
; Ignore CASCADE Buffers                                                          ; Off                ; Off                ;
; Ignore GLOBAL Buffers                                                           ; Off                ; Off                ;
; Ignore ROW GLOBAL Buffers                                                       ; Off                ; Off                ;
; Ignore LCELL Buffers                                                            ; Off                ; Off                ;
; Ignore SOFT Buffers                                                             ; On                 ; On                 ;
; Limit AHDL Integers to 32 Bits                                                  ; Off                ; Off                ;
; Optimization Technique                                                          ; Balanced           ; Balanced           ;
; Carry Chain Length                                                              ; 70                 ; 70                 ;
; Auto Carry Chains                                                               ; On                 ; On                 ;
; Auto Open-Drain Pins                                                            ; On                 ; On                 ;
; Perform WYSIWYG Primitive Resynthesis                                           ; Off                ; Off                ;
; Auto ROM Replacement                                                            ; On                 ; On                 ;
; Auto RAM Replacement                                                            ; On                 ; On                 ;
; Auto DSP Block Replacement                                                      ; On                 ; On                 ;
; Auto Shift Register Replacement                                                 ; Auto               ; Auto               ;
; Allow Shift Register Merging across Hierarchies                                 ; Auto               ; Auto               ;
; Auto Clock Enable Replacement                                                   ; On                 ; On                 ;
; Strict RAM Replacement                                                          ; Off                ; Off                ;
; Allow Synchronous Control Signals                                               ; On                 ; On                 ;
; Force Use of Synchronous Clear Signals                                          ; Off                ; Off                ;
; Auto Resource Sharing                                                           ; Off                ; Off                ;
; Allow Any RAM Size For Recognition                                              ; Off                ; Off                ;
; Allow Any ROM Size For Recognition                                              ; Off                ; Off                ;
; Allow Any Shift Register Size For Recognition                                   ; Off                ; Off                ;
; Use LogicLock Constraints during Resource Balancing                             ; On                 ; On                 ;
; Ignore translate_off and synthesis_off directives                               ; Off                ; Off                ;
; Timing-Driven Synthesis                                                         ; On                 ; On                 ;
; Report Parameter Settings                                                       ; On                 ; On                 ;
; Report Source Assignments                                                       ; On                 ; On                 ;
; Report Connectivity Checks                                                      ; On                 ; On                 ;
; Ignore Maximum Fan-Out Assignments                                              ; Off                ; Off                ;
; Synchronization Register Chain Length                                           ; 3                  ; 3                  ;
; Power Optimization During Synthesis                                             ; Normal compilation ; Normal compilation ;
; HDL message level                                                               ; Level2             ; Level2             ;
; Suppress Register Optimization Related Messages                                 ; Off                ; Off                ;
; Number of Removed Registers Reported in Synthesis Report                        ; 5000               ; 5000               ;
; Number of Swept Nodes Reported in Synthesis Report                              ; 5000               ; 5000               ;
; Number of Inverted Registers Reported in Synthesis Report                       ; 100                ; 100                ;
; Clock MUX Protection                                                            ; On                 ; On                 ;
; Auto Gated Clock Conversion                                                     ; Off                ; Off                ;
; Block Design Naming                                                             ; Auto               ; Auto               ;
; SDC constraint protection                                                       ; Off                ; Off                ;
; Synthesis Effort                                                                ; Auto               ; Auto               ;
; Shift Register Replacement - Allow Asynchronous Clear Signal                    ; On                 ; On                 ;
; Pre-Mapping Resynthesis Optimization                                            ; Off                ; Off                ;
; Analysis & Synthesis Message Level                                              ; Medium             ; Medium             ;
; Disable Register Merging Across Hierarchies                                     ; Auto               ; Auto               ;
; Resource Aware Inference For Block RAM                                          ; On                 ; On                 ;
; Automatic Parallel Synthesis                                                    ; On                 ; On                 ;
; Partial Reconfiguration Bitstream ID                                            ; Off                ; Off                ;
+---------------------------------------------------------------------------------+--------------------+--------------------+


+----------------------------------------------------------------------------------------------------------------------------------------------------------------------------------------------------------------------+
; Port Connectivity Checks: "mixColumns:comb_3"                                                                                                                                                                        ;
+-----------+--------+----------+--------------------------------------------------------------------------------------------------------------------------------------------------------------------------------------+
; Port      ; Type   ; Severity ; Details                                                                                                                                                                              ;
+-----------+--------+----------+--------------------------------------------------------------------------------------------------------------------------------------------------------------------------------------+
; state_in  ; Input  ; Warning  ; Input port expression (129 bits) is wider than the input port (128 bits) it drives.  The 1 most-significant bit(s) in the expression will be dangling if they have no other fanouts. ;
; state_out ; Output ; Warning  ; Output or bidir port (128 bits) is smaller than the port expression (129 bits) it drives.  The 1 most-significant bit(s) in the port expression will be connected to GND.            ;
+-----------+--------+----------+--------------------------------------------------------------------------------------------------------------------------------------------------------------------------------------+


+---------------------------------+
; Analysis & Elaboration Messages ;
+---------------------------------+
Info: *******************************************************************
Info: Running Quartus Prime Analysis & Elaboration
    Info: Version 18.1.0 Build 625 09/12/2018 SJ Lite Edition
    Info: Processing started: Sun May 01 17:08:40 2022
Info: Command: quartus_map --read_settings_files=on --write_settings_files=off AES -c AES --analysis_and_elaboration
Warning (18236): Number of processors has not been specified which may cause overloading on shared machines.  Set the global assignment NUM_PARALLEL_PROCESSORS in your QSF to an appropriate value for best performance.
Info (20030): Parallel compilation is enabled and will use 4 of the 4 processors detected
Info (12021): Found 1 design units, including 1 entities, in source file aes.v
    Info (12023): Found entity 1: AES File: D:/study/Sophomore Computer/Second term/Logic design/project/AES-Verilog/AES.v Line: 1
Info (12021): Found 1 design units, including 1 entities, in source file addroundkey.v
    Info (12023): Found entity 1: addRoundKey File: D:/study/Sophomore Computer/Second term/Logic design/project/AES-Verilog/addRoundKey.v Line: 1
Info (12021): Found 1 design units, including 1 entities, in source file mixcolumns.v
    Info (12023): Found entity 1: mixColumns File: D:/study/Sophomore Computer/Second term/Logic design/project/AES-Verilog/mixColumns.v Line: 1
Info (12021): Found 1 design units, including 1 entities, in source file shiftrows.v
    Info (12023): Found entity 1: shiftRows File: D:/study/Sophomore Computer/Second term/Logic design/project/AES-Verilog/shiftRows.v Line: 1
Info (12021): Found 1 design units, including 1 entities, in source file keyexpansion.v
    Info (12023): Found entity 1: keyExpansion File: D:/study/Sophomore Computer/Second term/Logic design/project/AES-Verilog/keyExpansion.v Line: 1
Info (12021): Found 1 design units, including 1 entities, in source file aes_encrypt.v
    Info (12023): Found entity 1: AES_Encrypt File: D:/study/Sophomore Computer/Second term/Logic design/project/AES-Verilog/AES_Encrypt.v Line: 1
Info (12021): Found 1 design units, including 1 entities, in source file aes_decrypt.v
    Info (12023): Found entity 1: AES_Decrypt File: D:/study/Sophomore Computer/Second term/Logic design/project/AES-Verilog/AES_Decrypt.v Line: 1
Info (12021): Found 1 design units, including 1 entities, in source file subbytes.v
    Info (12023): Found entity 1: subBytes File: D:/study/Sophomore Computer/Second term/Logic design/project/AES-Verilog/subBytes.v Line: 1
Info (12021): Found 1 design units, including 1 entities, in source file sbox.v
    Info (12023): Found entity 1: sbox File: D:/study/Sophomore Computer/Second term/Logic design/project/AES-Verilog/sbox.v Line: 1
Info (12021): Found 1 design units, including 1 entities, in source file rcon.v
    Info (12023): Found entity 1: rcon File: D:/study/Sophomore Computer/Second term/Logic design/project/AES-Verilog/rcon.v Line: 1
Info (12021): Found 1 design units, including 1 entities, in source file mixcolumns_tb.v
    Info (12023): Found entity 1: mixColumns_tb File: D:/study/Sophomore Computer/Second term/Logic design/project/AES-Verilog/mixColumns_tb.v Line: 1
Critical Warning (10846): Verilog HDL Instantiation warning at AES.v(4): instance has no name File: D:/study/Sophomore Computer/Second term/Logic design/project/AES-Verilog/AES.v Line: 4
Info (12127): Elaborating entity "AES" for the top level hierarchy
Info (12128): Elaborating entity "mixColumns" for hierarchy "mixColumns:comb_3" File: D:/study/Sophomore Computer/Second term/Logic design/project/AES-Verilog/AES.v Line: 4
Warning (12241): 1 hierarchies have connectivity warnings - see the Connectivity Checks report folder
Info: Quartus Prime Analysis & Elaboration was successful. 0 errors, 3 warnings
    Info: Peak virtual memory: 4762 megabytes
    Info: Processing ended: Sun May 01 17:08:49 2022
    Info: Elapsed time: 00:00:09
    Info: Total CPU time (on all processors): 00:00:22


